[debug] [2019-12-12T06:47:29.698Z] ----------------------------------------------------------------------
[debug] [2019-12-12T06:47:29.700Z] Command:       /usr/local/bin/node /Users/Clement/.npm-global/bin/firebase deploy
[debug] [2019-12-12T06:47:29.700Z] CLI Version:   7.9.0
[debug] [2019-12-12T06:47:29.700Z] Platform:      darwin
[debug] [2019-12-12T06:47:29.700Z] Node Version:  v12.13.1
[debug] [2019-12-12T06:47:29.701Z] Time:          Thu Dec 12 2019 17:47:29 GMT+1100 (GMT+11:00)
[debug] [2019-12-12T06:47:29.701Z] ----------------------------------------------------------------------
[debug] [2019-12-12T06:47:29.701Z] 
[debug] [2019-12-12T06:47:29.707Z] > command requires scopes: ["email","openid","https://www.googleapis.com/auth/cloudplatformprojects.readonly","https://www.googleapis.com/auth/firebase","https://www.googleapis.com/auth/cloud-platform"]
[debug] [2019-12-12T06:47:29.707Z] > authorizing via signed-in user
[debug] [2019-12-12T06:47:29.707Z] [iam] checking project release-studio-fr for permissions ["firebase.projects.get","firebasehosting.sites.update"]
[debug] [2019-12-12T06:47:29.709Z] >>> HTTP REQUEST POST https://cloudresourcemanager.googleapis.com/v1/projects/release-studio-fr:testIamPermissions  

[debug] [2019-12-12T06:47:30.042Z] <<< HTTP RESPONSE 200
[debug] [2019-12-12T06:47:30.044Z] >>> HTTP REQUEST GET https://firebase.googleapis.com/v1beta1/projects/release-studio-fr  
 
[debug] [2019-12-12T06:47:30.488Z] <<< HTTP RESPONSE 200
[info] 
[info] === Deploying to 'release-studio-fr'...
[info] 
[info] i  deploying hosting
[debug] [2019-12-12T06:47:30.492Z] >>> HTTP REQUEST POST https://firebasehosting.googleapis.com/v1beta1/sites/release-studio-fr/versions  

[debug] [2019-12-12T06:47:32.688Z] <<< HTTP RESPONSE 200
[info] i  hosting[release-studio-fr]: beginning deploy...
[info] i  hosting[release-studio-fr]: found 31 files in build
[debug] [2019-12-12T06:47:33.145Z] [hosting] hash cache [YnVpbGQ] stored for 31 files
[debug] [2019-12-12T06:47:33.146Z] [hosting][hash queue][FINAL]
[debug] [2019-12-12T06:47:33.146Z] >>> HTTP REQUEST POST https://firebasehosting.googleapis.com/v1beta1/sites/release-studio-fr/versions/8a599a8139733ad3:populateFiles  
 <request body omitted>
[debug] [2019-12-12T06:47:35.227Z] <<< HTTP RESPONSE 200
[debug] [2019-12-12T06:47:35.237Z] [hosting][populate queue][FINAL]
[debug] [2019-12-12T06:47:35.237Z] [hosting] uploads queued: 8
[debug] [2019-12-12T06:47:39.262Z] [hosting][upload queue][FINAL]
[info] ✔  hosting[release-studio-fr]: file upload complete
[debug] [2019-12-12T06:47:39.263Z] [hosting] deploy completed after 6573ms
[debug] [2019-12-12T06:47:39.465Z] [
  {
    "config": {
      "public": "build",
      "ignore": [
        "firebase.json",
        "**/.*",
        "**/node_modules/**"
      ],
      "rewrites": [
        {
          "source": "**",
          "destination": "/index.html"
        }
      ],
      "site": "release-studio-fr"
    },
    "site": "release-studio-fr",
    "version": "sites/release-studio-fr/versions/8a599a8139733ad3"
  }
]
[info] i  hosting[release-studio-fr]: finalizing version...
[debug] [2019-12-12T06:47:39.466Z] >>> HTTP REQUEST PATCH https://firebasehosting.googleapis.com/v1beta1/sites/release-studio-fr/versions/8a599a8139733ad3?updateMask=status  

[debug] [2019-12-12T06:47:40.832Z] <<< HTTP RESPONSE 200
[debug] [2019-12-12T06:47:40.833Z] [hosting] finalized version for release-studio-fr:
[info] ✔  hosting[release-studio-fr]: version finalized
[info] i  hosting[release-studio-fr]: releasing new version...
[debug] [2019-12-12T06:47:40.834Z] >>> HTTP REQUEST POST https://firebasehosting.googleapis.com/v1beta1/sites/release-studio-fr/releases?version_name=sites/release-studio-fr/versions/8a599a8139733ad3  

